<?xml version="1.0" encoding="UTF-8"?>
<testng-results ignored="0" total="4" passed="3" failed="1" skipped="0">
  <reporter-output>
  </reporter-output>
  <suite started-at="2021-10-19T17:07:24 IST" name="Suite" finished-at="2021-10-19T17:09:07 IST" duration-ms="102658">
    <groups>
    </groups>
    <test started-at="2021-10-19T17:07:24 IST" name="validain titlt" finished-at="2021-10-19T17:07:47 IST" duration-ms="22769">
      <class name="Acadamy.validateTitle">
        <test-method is-config="true" signature="initialize()[pri:0, instance:Acadamy.validateTitle@4e28bdd1]" started-at="2021-10-19T17:07:24 IST" name="initialize" finished-at="2021-10-19T17:07:47 IST" duration-ms="22308" status="PASS">
          <reporter-output>
          </reporter-output>
        </test-method> <!-- initialize -->
        <test-method signature="validatingTitle()[pri:0, instance:Acadamy.validateTitle@4e28bdd1]" started-at="2021-10-19T17:07:47 IST" name="validatingTitle" finished-at="2021-10-19T17:07:47 IST" duration-ms="319" status="FAIL">
          <exception class="java.lang.AssertionError">
            <message>
              <![CDATA[expected [FEATURED COU123RSES] but found [FEATURED COURSES]]]>
            </message>
            <full-stacktrace>
              <![CDATA[java.lang.AssertionError: expected [FEATURED COU123RSES] but found [FEATURED COURSES]
at org.testng.Assert.fail(Assert.java:99)
at org.testng.Assert.failNotEquals(Assert.java:1037)
at org.testng.Assert.assertEqualsImpl(Assert.java:140)
at org.testng.Assert.assertEquals(Assert.java:122)
at org.testng.Assert.assertEquals(Assert.java:629)
at org.testng.Assert.assertEquals(Assert.java:639)
at Acadamy.validateTitle.validatingTitle(validateTitle.java:46)
at java.base/jdk.internal.reflect.NativeMethodAccessorImpl.invoke0(Native Method)
at java.base/jdk.internal.reflect.NativeMethodAccessorImpl.invoke(NativeMethodAccessorImpl.java:78)
at java.base/jdk.internal.reflect.DelegatingMethodAccessorImpl.invoke(DelegatingMethodAccessorImpl.java:43)
at java.base/java.lang.reflect.Method.invoke(Method.java:567)
at org.testng.internal.MethodInvocationHelper.invokeMethod(MethodInvocationHelper.java:133)
at org.testng.internal.TestInvoker.invokeMethod(TestInvoker.java:598)
at org.testng.internal.TestInvoker.invokeTestMethod(TestInvoker.java:173)
at org.testng.internal.MethodRunner.runInSequence(MethodRunner.java:46)
at org.testng.internal.TestInvoker$MethodInvocationAgent.invoke(TestInvoker.java:824)
at org.testng.internal.TestInvoker.invokeTestMethods(TestInvoker.java:146)
at org.testng.internal.TestMethodWorker.invokeTestMethods(TestMethodWorker.java:146)
at org.testng.internal.TestMethodWorker.run(TestMethodWorker.java:128)
at java.base/java.util.ArrayList.forEach(ArrayList.java:1511)
at org.testng.TestRunner.privateRun(TestRunner.java:794)
at org.testng.TestRunner.run(TestRunner.java:596)
at org.testng.SuiteRunner.runTest(SuiteRunner.java:377)
at org.testng.SuiteRunner.runSequentially(SuiteRunner.java:371)
at org.testng.SuiteRunner.privateRun(SuiteRunner.java:332)
at org.testng.SuiteRunner.run(SuiteRunner.java:276)
at org.testng.SuiteRunnerWorker.runSuite(SuiteRunnerWorker.java:53)
at org.testng.SuiteRunnerWorker.run(SuiteRunnerWorker.java:96)
at org.testng.TestNG.runSuitesSequentially(TestNG.java:1212)
at org.testng.TestNG.runSuitesLocally(TestNG.java:1134)
at org.testng.TestNG.runSuites(TestNG.java:1063)
at org.testng.TestNG.run(TestNG.java:1031)
at org.testng.remote.AbstractRemoteTestNG.run(AbstractRemoteTestNG.java:115)
at org.testng.remote.RemoteTestNG.initAndRun(RemoteTestNG.java:251)
at org.testng.remote.RemoteTestNG.main(RemoteTestNG.java:77)
]]>
            </full-stacktrace>
          </exception> <!-- java.lang.AssertionError -->
          <reporter-output>
          </reporter-output>
        </test-method> <!-- validatingTitle -->
      </class> <!-- Acadamy.validateTitle -->
    </test> <!-- validain titlt -->
    <test started-at="2021-10-19T17:07:47 IST" name="validating navigation bar" finished-at="2021-10-19T17:08:19 IST" duration-ms="31472">
      <class name="Acadamy.validateNavBar">
        <test-method is-config="true" signature="initialize()[pri:0, instance:Acadamy.validateNavBar@78fb9a67]" started-at="2021-10-19T17:07:47 IST" name="initialize" finished-at="2021-10-19T17:08:18 IST" duration-ms="30833" status="PASS">
          <reporter-output>
          </reporter-output>
        </test-method> <!-- initialize -->
        <test-method signature="basePageNavigation()[pri:0, instance:Acadamy.validateNavBar@78fb9a67]" started-at="2021-10-19T17:08:18 IST" name="basePageNavigation" finished-at="2021-10-19T17:08:19 IST" duration-ms="628" status="PASS">
          <reporter-output>
          </reporter-output>
        </test-method> <!-- basePageNavigation -->
      </class> <!-- Acadamy.validateNavBar -->
    </test> <!-- validating navigation bar -->
    <test started-at="2021-10-19T17:08:19 IST" name="validating home page cases" finished-at="2021-10-19T17:09:07 IST" duration-ms="48044">
      <class name="Acadamy.hOMEpAGE">
        <test-method is-config="true" signature="initialize()[pri:0, instance:Acadamy.hOMEpAGE@9ed238c]" started-at="2021-10-19T17:08:19 IST" name="initialize" finished-at="2021-10-19T17:08:35 IST" duration-ms="16593" status="PASS">
          <reporter-output>
          </reporter-output>
        </test-method> <!-- initialize -->
        <test-method signature="basePageNavigation(java.lang.String,java.lang.String,java.lang.String)[pri:0, instance:Acadamy.hOMEpAGE@9ed238c]" started-at="2021-10-19T17:08:35 IST" name="basePageNavigation" data-provider="getData" finished-at="2021-10-19T17:09:02 IST" duration-ms="26517" status="PASS">
          <params>
            <param index="0">
              <value>
                <![CDATA[nonrestricted@fdv.com]]>
              </value>
            </param>
            <param index="1">
              <value>
                <![CDATA[1235348]]>
              </value>
            </param>
            <param index="2">
              <value>
                <![CDATA[sdvsd]]>
              </value>
            </param>
          </params>
          <reporter-output>
          </reporter-output>
        </test-method> <!-- basePageNavigation -->
        <test-method signature="basePageNavigation(java.lang.String,java.lang.String,java.lang.String)[pri:0, instance:Acadamy.hOMEpAGE@9ed238c]" started-at="2021-10-19T17:09:02 IST" name="basePageNavigation" data-provider="getData" finished-at="2021-10-19T17:09:07 IST" duration-ms="4908" status="PASS">
          <params>
            <param index="0">
              <value>
                <![CDATA[restricted@fdv.com]]>
              </value>
            </param>
            <param index="1">
              <value>
                <![CDATA[123534]]>
              </value>
            </param>
            <param index="2">
              <value is-null="true"/>
            </param>
          </params>
          <reporter-output>
          </reporter-output>
        </test-method> <!-- basePageNavigation -->
      </class> <!-- Acadamy.hOMEpAGE -->
    </test> <!-- validating home page cases -->
  </suite> <!-- Suite -->
</testng-results>
